<?xml version="1.0" encoding="UTF-8"?>
<!-- Generated by org.testng.reporters.JUnitReportReporter -->
<testsuite hostname="DESKTOP-FGP570C" failures="0" tests="3" name="testNG.DisablingTest" time="0.020" errors="0" timestamp="2024-06-10T11:25:30 IST" skipped="1">
  <testcase classname="testNG.DisablingTest" name="demo3" time="0.003"/>
  <system-out>
    <![CDATA[demo3]]>
  </system-out>
  <testcase classname="testNG.DisablingTest" name="demo1" time="0.017"/>
  <system-out>
    <![CDATA[Nani]]>
  </system-out>
  <testcase classname="testNG.DisablingTest" name="demo2">
    <skipped/>
  </testcase> <!-- demo2 -->
  <system-out/>
</testsuite> <!-- testNG.DisablingTest -->
