<?xml version="1.0" encoding="UTF-8"?>
<!-- Generated by org.testng.reporters.JUnitReportReporter -->
<testsuite hostname="DESKTOP-FGP570C" failures="0" tests="4" name="testNG.invocationCountTest" time="0.010" errors="0" timestamp="2024-06-10T11:25:30 IST" skipped="0">
  <testcase classname="testNG.invocationCountTest" name="demo3" time="0.004"/>
  <system-out>
    <![CDATA[demo3]]>
  </system-out>
  <testcase classname="testNG.invocationCountTest" name="demo1" time="0.002"/>
  <system-out>
    <![CDATA[Nani]]>
  </system-out>
  <testcase classname="testNG.invocationCountTest" name="demo4" time="0.002"/>
  <system-out>
    <![CDATA[demo4]]>
  </system-out>
  <testcase classname="testNG.invocationCountTest" name="demo2" time="0.002"/>
  <system-out>
    <![CDATA[demo2]]>
  </system-out>
</testsuite> <!-- testNG.invocationCountTest -->
