<?xml version="1.0" encoding="UTF-8"?>
<!-- Generated by org.testng.reporters.JUnitReportReporter -->
<testsuite hostname="DESKTOP-FGP570C" failures="0" tests="6" name="testNG.PrioritizingTestScripts" time="0.036" errors="0" timestamp="2024-06-10T11:25:30 IST" skipped="0">
  <testcase classname="testNG.PrioritizingTestScripts" name="demo5" time="0.014"/>
  <system-out>
    <![CDATA[demo1]]>
  </system-out>
  <testcase classname="testNG.PrioritizingTestScripts" name="demo3" time="0.007"/>
  <system-out>
    <![CDATA[demo1]]>
  </system-out>
  <testcase classname="testNG.PrioritizingTestScripts" name="demo1" time="0.005"/>
  <system-out>
    <![CDATA[demo1]]>
  </system-out>
  <testcase classname="testNG.PrioritizingTestScripts" name="demo2" time="0.002"/>
  <system-out>
    <![CDATA[demo1]]>
  </system-out>
  <testcase classname="testNG.PrioritizingTestScripts" name="demo" time="0.002"/>
  <system-out>
    <![CDATA[demo1]]>
  </system-out>
  <testcase classname="testNG.PrioritizingTestScripts" name="demo4" time="0.006"/>
  <system-out>
    <![CDATA[demo1]]>
  </system-out>
</testsuite> <!-- testNG.PrioritizingTestScripts -->
