<?xml version="1.0" encoding="UTF-8"?>
<!-- Generated by org.testng.reporters.JUnitReportReporter -->
<testsuite hostname="DESKTOP-FGP570C" failures="0" tests="2" name="DistributedParallelExe.TestClass6" time="0.032" errors="0" timestamp="2024-06-04T12:33:21 IST" skipped="0">
  <testcase classname="DistributedParallelExe.TestClass6" name="demo2" time="0.003"/>
  <system-out>
    <![CDATA[TestClass6 - demo2]]>
  </system-out>
  <testcase classname="DistributedParallelExe.TestClass6" name="demo1" time="0.029"/>
  <system-out>
    <![CDATA[TestClass6 - demo1]]>
  </system-out>
</testsuite> <!-- DistributedParallelExe.TestClass6 -->
