<?xml version="1.0" encoding="UTF-8"?>
<!-- Generated by org.testng.reporters.JUnitReportReporter -->
<testsuite hostname="DESKTOP-FGP570C" failures="0" tests="3" name="DataProvider.PracticeTest" time="0.046" errors="0" timestamp="2024-06-07T12:32:05 IST" skipped="0">
  <testcase classname="DataProvider.PracticeTest" name="bookTicketsTest" time="0.033"/>
  <system-out/>
  <testcase classname="DataProvider.PracticeTest" name="bookTicketsTest" time="0.007"/>
  <system-out/>
  <testcase classname="DataProvider.PracticeTest" name="bookTicketsTest" time="0.006"/>
  <system-out/>
</testsuite> <!-- DataProvider.PracticeTest -->
