<?xml version="1.0" encoding="UTF-8"?>
<!-- Generated by org.testng.reporters.JUnitReportReporter -->
<testsuite hostname="DESKTOP-FGP570C" failures="0" tests="3" name="testNG.DependsOnMethodsTest" time="0.014" errors="0" timestamp="2024-06-10T11:25:30 IST" skipped="0">
  <testcase classname="testNG.DependsOnMethodsTest" name="demo3" time="0.004"/>
  <system-out>
    <![CDATA[Login To Naukri]]>
  </system-out>
  <testcase classname="testNG.DependsOnMethodsTest" name="demo2" time="0.005"/>
  <system-out>
    <![CDATA[Register To Naukri]]>
  </system-out>
  <testcase classname="testNG.DependsOnMethodsTest" name="demo1" time="0.005"/>
  <system-out>
    <![CDATA[Apply For Job]]>
  </system-out>
</testsuite> <!-- testNG.DependsOnMethodsTest -->
