<?xml version="1.0" encoding="UTF-8"?>
<!-- Generated by org.testng.reporters.JUnitReportReporter -->
<testsuite hostname="DESKTOP-FGP570C" failures="0" tests="2" name="DistributedParallelExe.TestClass1" time="0.022" errors="0" timestamp="2024-06-04T12:33:21 IST" skipped="0">
  <testcase classname="DistributedParallelExe.TestClass1" name="demo1" time="0.017"/>
  <system-out>
    <![CDATA[TestClass1 - demo1]]>
  </system-out>
  <testcase classname="DistributedParallelExe.TestClass1" name="demo2" time="0.005"/>
  <system-out>
    <![CDATA[TestClass1 - demo2]]>
  </system-out>
</testsuite> <!-- DistributedParallelExe.TestClass1 -->
