<?xml version="1.0" encoding="UTF-8"?>
<!-- Generated by org.testng.reporters.JUnitReportReporter -->
<testsuite hostname="DESKTOP-FGP570C" failures="0" tests="2" name="DistributedParallelExe.TestClass4" time="0.039" errors="0" timestamp="2024-06-04T12:33:21 IST" skipped="0">
  <testcase classname="DistributedParallelExe.TestClass4" name="demo2" time="0.010"/>
  <system-out>
    <![CDATA[TestClass4 - demo2]]>
  </system-out>
  <testcase classname="DistributedParallelExe.TestClass4" name="demo1" time="0.029"/>
  <system-out>
    <![CDATA[TestClass4 - demo1]]>
  </system-out>
</testsuite> <!-- DistributedParallelExe.TestClass4 -->
