<?xml version="1.0" encoding="UTF-8"?>
<!-- Generated by org.testng.reporters.JUnitReportReporter -->
<testsuite hostname="DESKTOP-FGP570C" failures="0" tests="1" name="assertions.SoftAssertPractice" time="0.031" errors="0" timestamp="2024-06-10T13:46:35 IST" skipped="0">
  <testcase classname="assertions.SoftAssertPractice" name="demo4" time="0.031"/>
  <system-out/>
</testsuite> <!-- assertions.SoftAssertPractice -->
