<?xml version="1.0" encoding="UTF-8"?>
<!-- Generated by org.testng.reporters.JUnitReportReporter -->
<testsuite hostname="DESKTOP-FGP570C" failures="0" tests="4" name="testNG.PrioritizingAndinvocationCountExample" time="0.012" errors="0" timestamp="2024-06-10T11:25:30 IST" skipped="0">
  <testcase classname="testNG.PrioritizingAndinvocationCountExample" name="demo4" time="0.002"/>
  <system-out>
    <![CDATA[demo4]]>
  </system-out>
  <testcase classname="testNG.PrioritizingAndinvocationCountExample" name="demo3" time="0.003"/>
  <system-out>
    <![CDATA[demo3]]>
  </system-out>
  <testcase classname="testNG.PrioritizingAndinvocationCountExample" name="demo2" time="0.005"/>
  <system-out>
    <![CDATA[demo2]]>
  </system-out>
  <testcase classname="testNG.PrioritizingAndinvocationCountExample" name="demo1" time="0.002"/>
  <system-out>
    <![CDATA[demo1]]>
  </system-out>
</testsuite> <!-- testNG.PrioritizingAndinvocationCountExample -->
