<?xml version="1.0" encoding="UTF-8"?>
<!-- Generated by org.testng.reporters.JUnitReportReporter -->
<testsuite hostname="DESKTOP-FGP570C" failures="0" tests="1" name="GroupExecution.TestClass3" time="0.018" errors="0" timestamp="2024-06-03T23:07:43 IST" skipped="0">
  <testcase classname="GroupExecution.TestClass3" name="demo2" time="0.018"/>
  <system-out/>
</testsuite> <!-- GroupExecution.TestClass3 -->
