<?xml version="1.0" encoding="UTF-8"?>
<!-- Generated by org.testng.reporters.JUnitReportReporter -->
<testsuite hostname="DESKTOP-FGP570C" failures="0" tests="6" name="testNG.invocationCountTest$PrioritizingTestScripts" time="0.045" errors="0" timestamp="2024-05-30T11:05:40 IST" skipped="0">
  <testcase classname="testNG.invocationCountTest$PrioritizingTestScripts" name="demo5" time="0.019"/>
  <system-out>
    <![CDATA[demo1]]>
  </system-out>
  <testcase classname="testNG.invocationCountTest$PrioritizingTestScripts" name="demo3" time="0.009"/>
  <system-out>
    <![CDATA[demo1]]>
  </system-out>
  <testcase classname="testNG.invocationCountTest$PrioritizingTestScripts" name="demo1" time="0.004"/>
  <system-out>
    <![CDATA[demo1]]>
  </system-out>
  <testcase classname="testNG.invocationCountTest$PrioritizingTestScripts" name="demo2" time="0.005"/>
  <system-out>
    <![CDATA[demo1]]>
  </system-out>
  <testcase classname="testNG.invocationCountTest$PrioritizingTestScripts" name="demo" time="0.004"/>
  <system-out>
    <![CDATA[demo1]]>
  </system-out>
  <testcase classname="testNG.invocationCountTest$PrioritizingTestScripts" name="demo4" time="0.004"/>
  <system-out>
    <![CDATA[demo1]]>
  </system-out>
</testsuite> <!-- testNG.invocationCountTest$PrioritizingTestScripts -->
