<?xml version="1.0" encoding="UTF-8"?>
<!-- Generated by org.testng.reporters.JUnitReportReporter -->
<testsuite hostname="DESKTOP-FGP570C" failures="0" tests="1" name="Listener.SampleTest" time="0.029" errors="0" timestamp="2024-06-10T16:15:23 IST" skipped="0">
  <testcase classname="Listener.SampleTest" name="test1" time="0.029"/>
  <system-out>
    <![CDATA[Hello World!]]>
  </system-out>
</testsuite> <!-- Listener.SampleTest -->
