<?xml version="1.0" encoding="UTF-8"?>
<!-- Generated by org.testng.reporters.JUnitReportReporter -->
<testsuite hostname="DESKTOP-FGP570C" failures="0" tests="2" name="GroupExecution.TestClass2" time="0.005" errors="0" timestamp="2024-06-03T23:45:34 IST" skipped="0">
  <testcase classname="GroupExecution.TestClass2" name="demo3" time="0.003"/>
  <system-out/>
  <testcase classname="GroupExecution.TestClass2" name="demo1" time="0.002"/>
  <system-out/>
</testsuite> <!-- GroupExecution.TestClass2 -->
