<?xml version="1.0" encoding="UTF-8"?>
<!-- Generated by org.testng.reporters.JUnitReportReporter -->
<testsuite hostname="DESKTOP-FGP570C" failures="0" tests="1" name="GroupExecution.TestClass1" time="0.004" errors="0" timestamp="2024-06-03T23:45:34 IST" skipped="0">
  <testcase classname="GroupExecution.TestClass1" name="demo1" time="0.004"/>
  <system-out/>
</testsuite> <!-- GroupExecution.TestClass1 -->
