<?xml version="1.0" encoding="UTF-8"?>
<!-- Generated by org.testng.reporters.JUnitReportReporter -->
<testsuite hostname="DESKTOP-FGP570C" failures="0" tests="1" name="GroupExecution.TestClass4" time="0.025" errors="0" timestamp="2024-06-03T23:45:34 IST" skipped="0">
  <testcase classname="GroupExecution.TestClass4" name="demo1" time="0.025"/>
  <system-out/>
</testsuite> <!-- GroupExecution.TestClass4 -->
